# JRE version: OpenJDK Runtime Environment (11.0.12+7) (build 11.0.12+7-b1504.28-7817840)
# Java VM: OpenJDK 64-Bit Server VM (11.0.12+7-b1504.28-7817840, mixed mode, tiered, compressed oops, g1 gc, windows-amd64)
Heap:
 garbage-first heap   total 1035264K, used 217543K [0x0000000080000000, 0x0000000100000000)
  region size 1024K, 6 young (6144K), 6 survivors (6144K)
 Metaspace       used 147411K, capacity 151790K, committed 151936K, reserved 1181696K
  class space    used 18483K, capacity 20034K, committed 20096K, reserved 1048576K
GC Heap History (20 events):
Event: 1087.552 GC heap after
{Heap after GC invocations=125 (full 0):
 garbage-first heap   total 273408K, used 187118K [0x0000000080000000, 0x0000000100000000)
  region size 1024K, 7 young (7168K), 7 survivors (7168K)
 Metaspace       used 141822K, capacity 146004K, committed 146304K, reserved 1175552K
  class space    used 17762K, capacity 19254K, committed 19328K, reserved 1048576K
}
Event: 1087.673 GC heap before
{Heap before GC invocations=125 (full 0):
 garbage-first heap   total 273408K, used 227054K [0x0000000080000000, 0x0000000100000000)
  region size 1024K, 46 young (47104K), 7 survivors (7168K)
 Metaspace       used 141735K, capacity 145721K, committed 146304K, reserved 1175552K
  class space    used 17699K, capacity 19118K, committed 19328K, reserved 1048576K
}
Event: 1087.695 GC heap after
{Heap after GC invocations=126 (full 0):
 garbage-first heap   total 273408K, used 195115K [0x0000000080000000, 0x0000000100000000)
  region size 1024K, 6 young (6144K), 6 survivors (6144K)
 Metaspace       used 141735K, capacity 145721K, committed 146304K, reserved 1175552K
  class space    used 17699K, capacity 19118K, committed 19328K, reserved 1048576K
}
Event: 1087.764 GC heap before
{Heap before GC invocations=127 (full 0):
 garbage-first heap   total 273408K, used 227883K [0x0000000080000000, 0x0000000100000000)
  region size 1024K, 39 young (39936K), 6 survivors (6144K)
 Metaspace       used 142273K, capacity 146304K, committed 146944K, reserved 1177600K
  class space    used 17811K, capacity 19235K, committed 19456K, reserved 1048576K
}
Event: 1087.779 GC heap after
{Heap after GC invocations=128 (full 0):
 garbage-first heap   total 273408K, used 201097K [0x0000000080000000, 0x0000000100000000)
  region size 1024K, 5 young (5120K), 5 survivors (5120K)
 Metaspace       used 142273K, capacity 146304K, committed 146944K, reserved 1177600K
  class space    used 17811K, capacity 19235K, committed 19456K, reserved 1048576K
}
Event: 1087.798 GC heap before
{Heap before GC invocations=128 (full 0):
 garbage-first heap   total 273408K, used 209289K [0x0000000080000000, 0x0000000100000000)
  region size 1024K, 13 young (13312K), 5 survivors (5120K)
 Metaspace       used 142526K, capacity 146585K, committed 146944K, reserved 1177600K
  class space    used 17849K, capacity 19286K, committed 19456K, reserved 1048576K
}
Event: 1087.808 GC heap after
{Heap after GC invocations=129 (full 0):
 garbage-first heap   total 273408K, used 201985K [0x0000000080000000, 0x0000000100000000)
  region size 1024K, 2 young (2048K), 2 survivors (2048K)
 Metaspace       used 142526K, capacity 146585K, committed 146944K, reserved 1177600K
  class space    used 17849K, capacity 19286K, committed 19456K, reserved 1048576K
}
Event: 1087.884 GC heap before
{Heap before GC invocations=129 (full 0):
 garbage-first heap   total 273408K, used 229633K [0x0000000080000000, 0x0000000100000000)
  region size 1024K, 30 young (30720K), 2 survivors (2048K)
 Metaspace       used 143514K, capacity 147670K, committed 147840K, reserved 1177600K
  class space    used 18015K, capacity 19507K, committed 19584K, reserved 1048576K
}
Event: 1087.894 GC heap after
{Heap after GC invocations=130 (full 0):
 garbage-first heap   total 273408K, used 206473K [0x0000000080000000, 0x0000000100000000)
  region size 1024K, 4 young (4096K), 4 survivors (4096K)
 Metaspace       used 143514K, capacity 147670K, committed 147840K, reserved 1177600K
  class space    used 18015K, capacity 19507K, committed 19584K, reserved 1048576K
}
Event: 1087.993 GC heap before
{Heap before GC invocations=130 (full 0):
 garbage-first heap   total 273408K, used 232073K [0x0000000080000000, 0x0000000100000000)
  region size 1024K, 30 young (30720K), 4 survivors (4096K)
 Metaspace       used 144345K, capacity 148577K, committed 148736K, reserved 1177600K
  class space    used 18157K, capacity 19659K, committed 19712K, reserved 1048576K
}
Event: 1088.005 GC heap after
{Heap after GC invocations=131 (full 0):
 garbage-first heap   total 345088K, used 210141K [0x0000000080000000, 0x0000000100000000)
  region size 1024K, 4 young (4096K), 4 survivors (4096K)
 Metaspace       used 144345K, capacity 148577K, committed 148736K, reserved 1177600K
  class space    used 18157K, capacity 19659K, committed 19712K, reserved 1048576K
}
Event: 1090.990 GC heap before
{Heap before GC invocations=132 (full 0):
 garbage-first heap   total 345088K, used 262365K [0x0000000080000000, 0x0000000100000000)
  region size 1024K, 56 young (57344K), 4 survivors (4096K)
 Metaspace       used 145369K, capacity 149501K, committed 149888K, reserved 1179648K
  class space    used 18212K, capacity 19700K, committed 19840K, reserved 1048576K
}
Event: 1091.645 GC heap after
{Heap after GC invocations=133 (full 0):
 garbage-first heap   total 345088K, used 212549K [0x0000000080000000, 0x0000000100000000)
  region size 1024K, 6 young (6144K), 6 survivors (6144K)
 Metaspace       used 145369K, capacity 149501K, committed 149888K, reserved 1179648K
  class space    used 18212K, capacity 19700K, committed 19840K, reserved 1048576K
}
Event: 1099.408 GC heap before
{Heap before GC invocations=133 (full 0):
 garbage-first heap   total 345088K, used 266821K [0x0000000080000000, 0x0000000100000000)
  region size 1024K, 60 young (61440K), 6 survivors (6144K)
 Metaspace       used 146694K, capacity 150918K, committed 151040K, reserved 1179648K
  class space    used 18363K, capacity 19894K, committed 19968K, reserved 1048576K
}
Event: 1099.523 GC heap after
{Heap after GC invocations=134 (full 0):
 garbage-first heap   total 345088K, used 215637K [0x0000000080000000, 0x0000000100000000)
  region size 1024K, 6 young (6144K), 6 survivors (6144K)
 Metaspace       used 146694K, capacity 150918K, committed 151040K, reserved 1179648K
  class space    used 18363K, capacity 19894K, committed 19968K, reserved 1048576K
}
Event: 1099.841 GC heap before
{Heap before GC invocations=134 (full 0):
 garbage-first heap   total 345088K, used 272981K [0x0000000080000000, 0x0000000100000000)
  region size 1024K, 62 young (63488K), 6 survivors (6144K)
 Metaspace       used 146999K, capacity 151344K, committed 151552K, reserved 1181696K
  class space    used 18400K, capacity 19928K, committed 19968K, reserved 1048576K
}
Event: 1099.852 GC heap after
{Heap after GC invocations=135 (full 0):
 garbage-first heap   total 345088K, used 215848K [0x0000000080000000, 0x0000000100000000)
  region size 1024K, 4 young (4096K), 4 survivors (4096K)
 Metaspace       used 146999K, capacity 151344K, committed 151552K, reserved 1181696K
  class space    used 18400K, capacity 19928K, committed 19968K, reserved 1048576K
}
Event: 1101.302 GC heap before
{Heap before GC invocations=135 (full 0):
 garbage-first heap   total 345088K, used 275240K [0x0000000080000000, 0x0000000100000000)
  region size 1024K, 63 young (64512K), 4 survivors (4096K)
 Metaspace       used 147133K, capacity 151478K, committed 151680K, reserved 1181696K
  class space    used 18426K, capacity 19972K, committed 20096K, reserved 1048576K
}
Event: 1101.564 GC heap after
{Heap after GC invocations=136 (full 0):
 garbage-first heap   total 345088K, used 216697K [0x0000000080000000, 0x0000000100000000)
  region size 1024K, 5 young (5120K), 5 survivors (5120K)
 Metaspace       used 147133K, capacity 151478K, committed 151680K, reserved 1181696K
  class space    used 18426K, capacity 19972K, committed 20096K, reserved 1048576K
}
Event: 1101.788 GC heap before
{Heap before GC invocations=136 (full 0):
 garbage-first heap   total 345088K, used 279161K [0x0000000080000000, 0x0000000100000000)
  region size 1024K, 66 young (67584K), 5 survivors (5120K)
 Metaspace       used 147411K, capacity 151790K, committed 151936K, reserved 1181696K
  class space    used 18483K, capacity 20034K, committed 20096K, reserved 1048576K
}

